{"/home/kira/Yandex.Disk/webapps/algorithms_cei/server.js": {"path":"/home/kira/Yandex.Disk/webapps/algorithms_cei/server.js","statementMap":{"0":{"start":{"line":6,"column":16},"end":{"line":6,"column":34}},"1":{"start":{"line":7,"column":13},"end":{"line":7,"column":28}},"2":{"start":{"line":13,"column":12},"end":{"line":13,"column":21}},"3":{"start":{"line":19,"column":13},"end":{"line":19,"column":17}},"4":{"start":{"line":22,"column":0},"end":{"line":22,"column":51}},"5":{"start":{"line":27,"column":0},"end":{"line":31,"column":1}},"6":{"start":{"line":28,"column":2},"end":{"line":30,"column":5}},"7":{"start":{"line":29,"column":4},"end":{"line":29,"column":62}},"8":{"start":{"line":33,"column":0},"end":{"line":33,"column":21}}},"fnMap":{"0":{"name":"(anonymous_0)","decl":{"start":{"line":28,"column":19},"end":{"line":28,"column":20}},"loc":{"start":{"line":28,"column":25},"end":{"line":30,"column":3}},"line":28}},"branchMap":{"0":{"loc":{"start":{"line":27,"column":0},"end":{"line":31,"column":1}},"type":"if","locations":[{"start":{"line":27,"column":0},"end":{"line":31,"column":1}},{"start":{},"end":{}}],"line":27}},"s":{"0":1,"1":1,"2":1,"3":1,"4":1,"5":1,"6":0,"7":0,"8":1},"f":{"0":0},"b":{"0":[0,1]},"_coverageSchema":"1a1c01bbd47fc00a2c39e90264f33305004495a9","hash":"ffb32f1ea57c5b01278dd60c188bb55c44ae8ad2"}
,"/home/kira/Yandex.Disk/webapps/algorithms_cei/src/algorithms.js": {"path":"/home/kira/Yandex.Disk/webapps/algorithms_cei/src/algorithms.js","statementMap":{"0":{"start":{"line":11,"column":2},"end":{"line":11,"column":39}},"1":{"start":{"line":11,"column":22},"end":{"line":11,"column":39}},"2":{"start":{"line":12,"column":12},"end":{"line":12,"column":16}},"3":{"start":{"line":13,"column":2},"end":{"line":17,"column":3}},"4":{"start":{"line":13,"column":15},"end":{"line":13,"column":16}},"5":{"start":{"line":14,"column":4},"end":{"line":16,"column":5}},"6":{"start":{"line":15,"column":6},"end":{"line":15,"column":17}},"7":{"start":{"line":18,"column":2},"end":{"line":18,"column":13}},"8":{"start":{"line":27,"column":12},"end":{"line":27,"column":20}},"9":{"start":{"line":28,"column":2},"end":{"line":38,"column":3}},"10":{"start":{"line":28,"column":15},"end":{"line":28,"column":16}},"11":{"start":{"line":29,"column":16},"end":{"line":29,"column":17}},"12":{"start":{"line":30,"column":4},"end":{"line":34,"column":5}},"13":{"start":{"line":30,"column":17},"end":{"line":30,"column":22}},"14":{"start":{"line":31,"column":6},"end":{"line":33,"column":7}},"15":{"start":{"line":32,"column":8},"end":{"line":32,"column":18}},"16":{"start":{"line":35,"column":17},"end":{"line":35,"column":21}},"17":{"start":{"line":36,"column":4},"end":{"line":36,"column":20}},"18":{"start":{"line":37,"column":4},"end":{"line":37,"column":20}},"19":{"start":{"line":39,"column":2},"end":{"line":39,"column":11}},"20":{"start":{"line":48,"column":2},"end":{"line":48,"column":48}},"21":{"start":{"line":48,"column":15},"end":{"line":48,"column":48}},"22":{"start":{"line":50,"column":10},"end":{"line":50,"column":12}},"23":{"start":{"line":51,"column":12},"end":{"line":51,"column":13}},"24":{"start":{"line":52,"column":10},"end":{"line":52,"column":11}},"25":{"start":{"line":54,"column":2},"end":{"line":58,"column":3}},"26":{"start":{"line":55,"column":4},"end":{"line":55,"column":20}},"27":{"start":{"line":56,"column":4},"end":{"line":56,"column":31}},"28":{"start":{"line":57,"column":4},"end":{"line":57,"column":8}},"29":{"start":{"line":60,"column":2},"end":{"line":60,"column":33}},"30":{"start":{"line":69,"column":21},"end":{"line":69,"column":38}},"31":{"start":{"line":70,"column":10},"end":{"line":70,"column":11}},"32":{"start":{"line":71,"column":10},"end":{"line":71,"column":23}},"33":{"start":{"line":72,"column":2},"end":{"line":74,"column":3}},"34":{"start":{"line":72,"column":15},"end":{"line":72,"column":16}},"35":{"start":{"line":73,"column":4},"end":{"line":73,"column":48}},"36":{"start":{"line":75,"column":2},"end":{"line":75,"column":17}},"37":{"start":{"line":84,"column":2},"end":{"line":90,"column":3}},"38":{"start":{"line":85,"column":4},"end":{"line":85,"column":26}},"39":{"start":{"line":86,"column":9},"end":{"line":90,"column":3}},"40":{"start":{"line":87,"column":4},"end":{"line":87,"column":13}},"41":{"start":{"line":89,"column":4},"end":{"line":89,"column":26}},"42":{"start":{"line":100,"column":10},"end":{"line":100,"column":12}},"43":{"start":{"line":101,"column":2},"end":{"line":103,"column":3}},"44":{"start":{"line":101,"column":15},"end":{"line":101,"column":16}},"45":{"start":{"line":102,"column":4},"end":{"line":102,"column":27}},"46":{"start":{"line":104,"column":2},"end":{"line":104,"column":11}},"47":{"start":{"line":116,"column":10},"end":{"line":116,"column":59}},"48":{"start":{"line":116,"column":42},"end":{"line":116,"column":58}},"49":{"start":{"line":118,"column":2},"end":{"line":120,"column":3}},"50":{"start":{"line":118,"column":15},"end":{"line":118,"column":16}},"51":{"start":{"line":119,"column":4},"end":{"line":119,"column":16}},"52":{"start":{"line":122,"column":2},"end":{"line":124,"column":3}},"53":{"start":{"line":122,"column":15},"end":{"line":122,"column":16}},"54":{"start":{"line":123,"column":4},"end":{"line":123,"column":20}},"55":{"start":{"line":126,"column":2},"end":{"line":128,"column":3}},"56":{"start":{"line":126,"column":15},"end":{"line":126,"column":16}},"57":{"start":{"line":127,"column":4},"end":{"line":127,"column":20}},"58":{"start":{"line":130,"column":2},"end":{"line":130,"column":11}},"59":{"start":{"line":139,"column":10},"end":{"line":139,"column":11}},"60":{"start":{"line":140,"column":10},"end":{"line":140,"column":11}},"61":{"start":{"line":141,"column":17},"end":{"line":141,"column":58}},"62":{"start":{"line":143,"column":2},"end":{"line":147,"column":3}},"63":{"start":{"line":144,"column":4},"end":{"line":144,"column":15}},"64":{"start":{"line":145,"column":4},"end":{"line":145,"column":8}},"65":{"start":{"line":146,"column":4},"end":{"line":146,"column":21}},"66":{"start":{"line":146,"column":15},"end":{"line":146,"column":21}},"67":{"start":{"line":149,"column":14},"end":{"line":149,"column":20}},"68":{"start":{"line":150,"column":12},"end":{"line":150,"column":22}},"69":{"start":{"line":152,"column":2},"end":{"line":152,"column":27}},"70":{"start":{"line":152,"column":18},"end":{"line":152,"column":27}},"71":{"start":{"line":153,"column":2},"end":{"line":153,"column":29}},"72":{"start":{"line":153,"column":18},"end":{"line":153,"column":29}},"73":{"start":{"line":154,"column":2},"end":{"line":154,"column":13}},"74":{"start":{"line":157,"column":0},"end":{"line":166,"column":2}}},"fnMap":{"0":{"name":"minimo","decl":{"start":{"line":10,"column":9},"end":{"line":10,"column":15}},"loc":{"start":{"line":10,"column":19},"end":{"line":19,"column":1}},"line":10},"1":{"name":"sort_desc","decl":{"start":{"line":26,"column":9},"end":{"line":26,"column":18}},"loc":{"start":{"line":26,"column":22},"end":{"line":40,"column":1}},"line":26},"2":{"name":"reverse_digits","decl":{"start":{"line":47,"column":9},"end":{"line":47,"column":23}},"loc":{"start":{"line":47,"column":27},"end":{"line":61,"column":1}},"line":47},"3":{"name":"palindrome","decl":{"start":{"line":68,"column":9},"end":{"line":68,"column":19}},"loc":{"start":{"line":68,"column":23},"end":{"line":76,"column":1}},"line":68},"4":{"name":"piecewise","decl":{"start":{"line":83,"column":9},"end":{"line":83,"column":18}},"loc":{"start":{"line":83,"column":22},"end":{"line":91,"column":1}},"line":83},"5":{"name":"vector_piecewise","decl":{"start":{"line":99,"column":9},"end":{"line":99,"column":25}},"loc":{"start":{"line":99,"column":32},"end":{"line":105,"column":1}},"line":99},"6":{"name":"tridiagonal","decl":{"start":{"line":115,"column":9},"end":{"line":115,"column":20}},"loc":{"start":{"line":115,"column":33},"end":{"line":131,"column":1}},"line":115},"7":{"name":"(anonymous_7)","decl":{"start":{"line":116,"column":36},"end":{"line":116,"column":37}},"loc":{"start":{"line":116,"column":42},"end":{"line":116,"column":58}},"line":116},"8":{"name":"rut_dv","decl":{"start":{"line":138,"column":9},"end":{"line":138,"column":15}},"loc":{"start":{"line":138,"column":19},"end":{"line":155,"column":1}},"line":138}},"branchMap":{"0":{"loc":{"start":{"line":11,"column":2},"end":{"line":11,"column":39}},"type":"if","locations":[{"start":{"line":11,"column":2},"end":{"line":11,"column":39}},{"start":{},"end":{}}],"line":11},"1":{"loc":{"start":{"line":14,"column":4},"end":{"line":16,"column":5}},"type":"if","locations":[{"start":{"line":14,"column":4},"end":{"line":16,"column":5}},{"start":{},"end":{}}],"line":14},"2":{"loc":{"start":{"line":31,"column":6},"end":{"line":33,"column":7}},"type":"if","locations":[{"start":{"line":31,"column":6},"end":{"line":33,"column":7}},{"start":{},"end":{}}],"line":31},"3":{"loc":{"start":{"line":48,"column":2},"end":{"line":48,"column":48}},"type":"if","locations":[{"start":{"line":48,"column":2},"end":{"line":48,"column":48}},{"start":{},"end":{}}],"line":48},"4":{"loc":{"start":{"line":84,"column":2},"end":{"line":90,"column":3}},"type":"if","locations":[{"start":{"line":84,"column":2},"end":{"line":90,"column":3}},{"start":{"line":86,"column":9},"end":{"line":90,"column":3}}],"line":84},"5":{"loc":{"start":{"line":86,"column":9},"end":{"line":90,"column":3}},"type":"if","locations":[{"start":{"line":86,"column":9},"end":{"line":90,"column":3}},{"start":{"line":88,"column":9},"end":{"line":90,"column":3}}],"line":86},"6":{"loc":{"start":{"line":146,"column":4},"end":{"line":146,"column":21}},"type":"if","locations":[{"start":{"line":146,"column":4},"end":{"line":146,"column":21}},{"start":{},"end":{}}],"line":146},"7":{"loc":{"start":{"line":152,"column":2},"end":{"line":152,"column":27}},"type":"if","locations":[{"start":{"line":152,"column":2},"end":{"line":152,"column":27}},{"start":{},"end":{}}],"line":152},"8":{"loc":{"start":{"line":153,"column":2},"end":{"line":153,"column":29}},"type":"if","locations":[{"start":{"line":153,"column":2},"end":{"line":153,"column":29}},{"start":{},"end":{}}],"line":153}},"s":{"0":3,"1":0,"2":3,"3":3,"4":3,"5":8,"6":3,"7":3,"8":4,"9":4,"10":4,"11":14,"12":14,"13":14,"14":41,"15":13,"16":14,"17":14,"18":14,"19":4,"20":6,"21":1,"22":5,"23":5,"24":5,"25":5,"26":14,"27":14,"28":14,"29":5,"30":3,"31":3,"32":3,"33":3,"34":3,"35":9,"36":3,"37":10,"38":4,"39":6,"40":3,"41":3,"42":2,"43":2,"44":2,"45":4,"46":2,"47":2,"48":4,"49":2,"50":2,"51":4,"52":2,"53":2,"54":2,"55":2,"56":2,"57":2,"58":2,"59":4,"60":4,"61":4,"62":4,"63":32,"64":32,"65":32,"66":4,"67":4,"68":4,"69":4,"70":0,"71":4,"72":1,"73":3,"74":8},"f":{"0":3,"1":4,"2":6,"3":3,"4":10,"5":2,"6":2,"7":4,"8":4},"b":{"0":[0,3],"1":[3,5],"2":[13,28],"3":[1,5],"4":[4,6],"5":[3,3],"6":[4,28],"7":[0,4],"8":[1,3]},"_coverageSchema":"1a1c01bbd47fc00a2c39e90264f33305004495a9","hash":"b47980c11291df9c1ab45e821656be92ac4c81ca"}
}
