TN:
SF:server.js
FN:28,(anonymous_0)
FNF:1
FNH:0
FNDA:0,(anonymous_0)
DA:6,1
DA:7,1
DA:13,1
DA:19,1
DA:22,1
DA:27,1
DA:28,0
DA:29,0
DA:33,1
LF:9
LH:7
BRDA:27,0,0,0
BRDA:27,0,1,1
BRF:2
BRH:1
end_of_record
TN:
SF:src/algorithms.js
FN:10,minimo
FN:26,sort_desc
FN:47,reverse_digits
FN:68,palindrome
FN:83,piecewise
FN:99,vector_piecewise
FN:115,tridiagonal
FN:116,(anonymous_7)
FN:138,rut_dv
FNF:9
FNH:9
FNDA:3,minimo
FNDA:4,sort_desc
FNDA:6,reverse_digits
FNDA:3,palindrome
FNDA:10,piecewise
FNDA:2,vector_piecewise
FNDA:2,tridiagonal
FNDA:4,(anonymous_7)
FNDA:4,rut_dv
DA:11,3
DA:12,3
DA:13,3
DA:14,8
DA:15,3
DA:18,3
DA:27,4
DA:28,4
DA:29,14
DA:30,14
DA:31,41
DA:32,13
DA:35,14
DA:36,14
DA:37,14
DA:39,4
DA:48,6
DA:50,5
DA:51,5
DA:52,5
DA:54,5
DA:55,14
DA:56,14
DA:57,14
DA:60,5
DA:69,3
DA:70,3
DA:71,3
DA:72,3
DA:73,9
DA:75,3
DA:84,10
DA:85,4
DA:86,6
DA:87,3
DA:89,3
DA:100,2
DA:101,2
DA:102,4
DA:104,2
DA:116,4
DA:118,2
DA:119,4
DA:122,2
DA:123,2
DA:126,2
DA:127,2
DA:130,2
DA:139,4
DA:140,4
DA:141,4
DA:143,4
DA:144,32
DA:145,32
DA:146,32
DA:149,4
DA:150,4
DA:152,4
DA:153,4
DA:154,3
DA:157,8
LF:61
LH:61
BRDA:11,0,0,0
BRDA:11,0,1,3
BRDA:14,1,0,3
BRDA:14,1,1,5
BRDA:31,2,0,13
BRDA:31,2,1,28
BRDA:48,3,0,1
BRDA:48,3,1,5
BRDA:84,4,0,4
BRDA:84,4,1,6
BRDA:86,5,0,3
BRDA:86,5,1,3
BRDA:146,6,0,4
BRDA:146,6,1,28
BRDA:152,7,0,0
BRDA:152,7,1,4
BRDA:153,8,0,1
BRDA:153,8,1,3
BRF:18
BRH:16
end_of_record
